<?xml version="1.0" encoding="UTF-8"?>
<!-- Generated by org.testng.reporters.JUnitReportReporter -->
<testsuite hostname="DESKTOP-PCQVPJP" failures="0" tests="1" name="com.phptravels.testcases.Book_flight" time="39.602" errors="0" timestamp="19 May 2020 13:18:52 GMT">
  <testcase classname="com.phptravels.testcases.Book_flight" name="book_flight" time="39.602"/>
</testsuite> <!-- com.phptravels.testcases.Book_flight -->
